This file contains any messages produced by compilers while
running configure, to aid debugging if configure makes a mistake.

It was created by configure, which was
generated by GNU Autoconf 2.63.  Invocation command line was

  $ ./configure 

## --------- ##
## Platform. ##
## --------- ##

hostname = roy-laptop
uname -m = x86_64
uname -r = 3.5.0-23-generic
uname -s = Linux
uname -v = #35~precise1-Ubuntu SMP Fri Jan 25 17:13:26 UTC 2013

/usr/bin/uname -p = unknown
/bin/uname -X     = unknown

/bin/arch              = unknown
/usr/bin/arch -k       = unknown
/usr/convex/getsysinfo = unknown
/usr/bin/hostinfo      = unknown
/bin/machine           = unknown
/usr/bin/oslevel       = unknown
/bin/universe          = unknown

PATH: /usr/lib/lightdm/lightdm
PATH: /usr/local/sbin
PATH: /usr/local/bin
PATH: /usr/sbin
PATH: /usr/bin
PATH: /sbin
PATH: /bin
PATH: /usr/games


## ----------- ##
## Core tests. ##
## ----------- ##

configure:1882: checking for a BSD-compatible install
configure:1950: result: /usr/bin/install -c
configure:1965: checking for perl
configure:1983: found /usr/bin/perl
configure:1995: result: /usr/bin/perl
configure:2010: checking build system type
configure:2028: result: x86_64-unknown-linux-gnu
configure:2050: checking host system type
configure:2065: result: x86_64-unknown-linux-gnu
configure:2136: checking for gcc
configure:2152: found /usr/bin/gcc
configure:2163: result: gcc
configure:2395: checking for C compiler version
configure:2403: gcc --version >&5
gcc (Ubuntu/Linaro 4.6.3-1ubuntu5) 4.6.3
Copyright (C) 2011 Free Software Foundation, Inc.
This is free software; see the source for copying conditions.  There is NO
warranty; not even for MERCHANTABILITY or FITNESS FOR A PARTICULAR PURPOSE.

configure:2407: $? = 0
configure:2414: gcc -v >&5
Using built-in specs.
COLLECT_GCC=gcc
COLLECT_LTO_WRAPPER=/usr/lib/gcc/x86_64-linux-gnu/4.6/lto-wrapper
Target: x86_64-linux-gnu
Configured with: ../src/configure -v --with-pkgversion='Ubuntu/Linaro 4.6.3-1ubuntu5' --with-bugurl=file:///usr/share/doc/gcc-4.6/README.Bugs --enable-languages=c,c++,fortran,objc,obj-c++ --prefix=/usr --program-suffix=-4.6 --enable-shared --enable-linker-build-id --with-system-zlib --libexecdir=/usr/lib --without-included-gettext --enable-threads=posix --with-gxx-include-dir=/usr/include/c++/4.6 --libdir=/usr/lib --enable-nls --with-sysroot=/ --enable-clocale=gnu --enable-libstdcxx-debug --enable-libstdcxx-time=yes --enable-gnu-unique-object --enable-plugin --enable-objc-gc --disable-werror --with-arch-32=i686 --with-tune=generic --enable-checking=release --build=x86_64-linux-gnu --host=x86_64-linux-gnu --target=x86_64-linux-gnu
Thread model: posix
gcc version 4.6.3 (Ubuntu/Linaro 4.6.3-1ubuntu5) 
configure:2418: $? = 0
configure:2425: gcc -V >&5
gcc: error: unrecognized option '-V'
gcc: fatal error: no input files
compilation terminated.
configure:2429: $? = 4
configure:2452: checking for C compiler default output file name
configure:2474: gcc    conftest.c  >&5
configure:2478: $? = 0
configure:2516: result: a.out
configure:2535: checking whether the C compiler works
configure:2545: ./a.out
configure:2549: $? = 0
configure:2568: result: yes
configure:2575: checking whether we are cross compiling
configure:2577: result: no
configure:2580: checking for suffix of executables
configure:2587: gcc -o conftest    conftest.c  >&5
configure:2591: $? = 0
configure:2617: result: 
configure:2623: checking for suffix of object files
configure:2649: gcc -c   conftest.c >&5
configure:2653: $? = 0
configure:2678: result: o
configure:2682: checking whether we are using the GNU C compiler
configure:2711: gcc -c   conftest.c >&5
configure:2718: $? = 0
configure:2735: result: yes
configure:2744: checking whether gcc accepts -g
configure:2774: gcc -c -g  conftest.c >&5
configure:2781: $? = 0
configure:2882: result: yes
configure:2899: checking for gcc option to accept ISO C89
configure:2973: gcc  -c -g -O2  conftest.c >&5
configure:2980: $? = 0
configure:3003: result: none needed
configure:3021: checking whether make sets $(MAKE)
configure:3043: result: yes
configure:3059: checking how to run the C preprocessor
configure:3099: gcc -E  conftest.c
configure:3106: $? = 0
configure:3137: gcc -E  conftest.c
conftest.c:10:28: fatal error: ac_nonexistent.h: No such file or directory
compilation terminated.
configure:3144: $? = 1
configure: failed program was:
| /* confdefs.h.  */
| #define PACKAGE_NAME ""
| #define PACKAGE_TARNAME ""
| #define PACKAGE_VERSION ""
| #define PACKAGE_STRING ""
| #define PACKAGE_BUGREPORT ""
| #define DEFAULT_NAGIOS_USER nagios
| #define DEFAULT_NAGIOS_GROUP nagios
| /* end confdefs.h.  */
| #include <ac_nonexistent.h>
configure:3177: result: gcc -E
configure:3206: gcc -E  conftest.c
configure:3213: $? = 0
configure:3244: gcc -E  conftest.c
conftest.c:10:28: fatal error: ac_nonexistent.h: No such file or directory
compilation terminated.
configure:3251: $? = 1
configure: failed program was:
| /* confdefs.h.  */
| #define PACKAGE_NAME ""
| #define PACKAGE_TARNAME ""
| #define PACKAGE_VERSION ""
| #define PACKAGE_STRING ""
| #define PACKAGE_BUGREPORT ""
| #define DEFAULT_NAGIOS_USER nagios
| #define DEFAULT_NAGIOS_GROUP nagios
| /* end confdefs.h.  */
| #include <ac_nonexistent.h>
configure:3291: checking for grep that handles long lines and -e
configure:3351: result: /bin/grep
configure:3356: checking for egrep
configure:3420: result: /bin/grep -E
configure:3425: checking for ANSI C header files
configure:3455: gcc -c -g -O2  conftest.c >&5
configure:3462: $? = 0
configure:3561: gcc -o conftest -g -O2   conftest.c  >&5
configure:3565: $? = 0
configure:3571: ./conftest
configure:3575: $? = 0
configure:3593: result: yes
configure:3603: checking whether time.h and sys/time.h may both be included
configure:3633: gcc -c -g -O2  conftest.c >&5
configure:3640: $? = 0
configure:3655: result: yes
configure:3665: checking for sys/wait.h that is POSIX.1 compatible
configure:3701: gcc -c -g -O2  conftest.c >&5
configure:3708: $? = 0
configure:3723: result: yes
configure:3747: checking for sys/types.h
configure:3768: gcc -c -g -O2  conftest.c >&5
configure:3775: $? = 0
configure:3792: result: yes
configure:3747: checking for sys/stat.h
configure:3768: gcc -c -g -O2  conftest.c >&5
configure:3775: $? = 0
configure:3792: result: yes
configure:3747: checking for stdlib.h
configure:3768: gcc -c -g -O2  conftest.c >&5
configure:3775: $? = 0
configure:3792: result: yes
configure:3747: checking for string.h
configure:3768: gcc -c -g -O2  conftest.c >&5
configure:3775: $? = 0
configure:3792: result: yes
configure:3747: checking for memory.h
configure:3768: gcc -c -g -O2  conftest.c >&5
configure:3775: $? = 0
configure:3792: result: yes
configure:3747: checking for strings.h
configure:3768: gcc -c -g -O2  conftest.c >&5
configure:3775: $? = 0
configure:3792: result: yes
configure:3747: checking for inttypes.h
configure:3768: gcc -c -g -O2  conftest.c >&5
configure:3775: $? = 0
configure:3792: result: yes
configure:3747: checking for stdint.h
configure:3768: gcc -c -g -O2  conftest.c >&5
configure:3775: $? = 0
configure:3792: result: yes
configure:3747: checking for unistd.h
configure:3768: gcc -c -g -O2  conftest.c >&5
configure:3775: $? = 0
configure:3792: result: yes
configure:3862: checking arpa/inet.h usability
configure:3879: gcc -c -g -O2  conftest.c >&5
configure:3886: $? = 0
configure:3900: result: yes
configure:3904: checking arpa/inet.h presence
configure:3919: gcc -E  conftest.c
configure:3926: $? = 0
configure:3940: result: yes
configure:3968: checking for arpa/inet.h
configure:3977: result: yes
configure:3862: checking ctype.h usability
configure:3879: gcc -c -g -O2  conftest.c >&5
configure:3886: $? = 0
configure:3900: result: yes
configure:3904: checking ctype.h presence
configure:3919: gcc -E  conftest.c
configure:3926: $? = 0
configure:3940: result: yes
configure:3968: checking for ctype.h
configure:3977: result: yes
configure:3862: checking dirent.h usability
configure:3879: gcc -c -g -O2  conftest.c >&5
configure:3886: $? = 0
configure:3900: result: yes
configure:3904: checking dirent.h presence
configure:3919: gcc -E  conftest.c
configure:3926: $? = 0
configure:3940: result: yes
configure:3968: checking for dirent.h
configure:3977: result: yes
configure:3862: checking dlfcn.h usability
configure:3879: gcc -c -g -O2  conftest.c >&5
configure:3886: $? = 0
configure:3900: result: yes
configure:3904: checking dlfcn.h presence
configure:3919: gcc -E  conftest.c
configure:3926: $? = 0
configure:3940: result: yes
configure:3968: checking for dlfcn.h
configure:3977: result: yes
configure:3862: checking errno.h usability
configure:3879: gcc -c -g -O2  conftest.c >&5
configure:3886: $? = 0
configure:3900: result: yes
configure:3904: checking errno.h presence
configure:3919: gcc -E  conftest.c
configure:3926: $? = 0
configure:3940: result: yes
configure:3968: checking for errno.h
configure:3977: result: yes
configure:3862: checking fcntl.h usability
configure:3879: gcc -c -g -O2  conftest.c >&5
configure:3886: $? = 0
configure:3900: result: yes
configure:3904: checking fcntl.h presence
configure:3919: gcc -E  conftest.c
configure:3926: $? = 0
configure:3940: result: yes
configure:3968: checking for fcntl.h
configure:3977: result: yes
configure:3862: checking float.h usability
configure:3879: gcc -c -g -O2  conftest.c >&5
configure:3886: $? = 0
configure:3900: result: yes
configure:3904: checking float.h presence
configure:3919: gcc -E  conftest.c
configure:3926: $? = 0
configure:3940: result: yes
configure:3968: checking for float.h
configure:3977: result: yes
configure:3862: checking getopt.h usability
configure:3879: gcc -c -g -O2  conftest.c >&5
configure:3886: $? = 0
configure:3900: result: yes
configure:3904: checking getopt.h presence
configure:3919: gcc -E  conftest.c
configure:3926: $? = 0
configure:3940: result: yes
configure:3968: checking for getopt.h
configure:3977: result: yes
configure:3862: checking grp.h usability
configure:3879: gcc -c -g -O2  conftest.c >&5
configure:3886: $? = 0
configure:3900: result: yes
configure:3904: checking grp.h presence
configure:3919: gcc -E  conftest.c
configure:3926: $? = 0
configure:3940: result: yes
configure:3968: checking for grp.h
configure:3977: result: yes
configure:3851: checking for inttypes.h
configure:3858: result: yes
configure:3862: checking limits.h usability
configure:3879: gcc -c -g -O2  conftest.c >&5
configure:3886: $? = 0
configure:3900: result: yes
configure:3904: checking limits.h presence
configure:3919: gcc -E  conftest.c
configure:3926: $? = 0
configure:3940: result: yes
configure:3968: checking for limits.h
configure:3977: result: yes
configure:3862: checking ltdl.h usability
configure:3879: gcc -c -g -O2  conftest.c >&5
configure:3886: $? = 0
configure:3900: result: yes
configure:3904: checking ltdl.h presence
configure:3919: gcc -E  conftest.c
configure:3926: $? = 0
configure:3940: result: yes
configure:3968: checking for ltdl.h
configure:3977: result: yes
configure:3862: checking math.h usability
configure:3879: gcc -c -g -O2  conftest.c >&5
configure:3886: $? = 0
configure:3900: result: yes
configure:3904: checking math.h presence
configure:3919: gcc -E  conftest.c
configure:3926: $? = 0
configure:3940: result: yes
configure:3968: checking for math.h
configure:3977: result: yes
configure:3862: checking netdb.h usability
configure:3879: gcc -c -g -O2  conftest.c >&5
configure:3886: $? = 0
configure:3900: result: yes
configure:3904: checking netdb.h presence
configure:3919: gcc -E  conftest.c
configure:3926: $? = 0
configure:3940: result: yes
configure:3968: checking for netdb.h
configure:3977: result: yes
configure:3862: checking netinet/in.h usability
configure:3879: gcc -c -g -O2  conftest.c >&5
configure:3886: $? = 0
configure:3900: result: yes
configure:3904: checking netinet/in.h presence
configure:3919: gcc -E  conftest.c
configure:3926: $? = 0
configure:3940: result: yes
configure:3968: checking for netinet/in.h
configure:3977: result: yes
configure:3862: checking pthread.h usability
configure:3879: gcc -c -g -O2  conftest.c >&5
configure:3886: $? = 0
configure:3900: result: yes
configure:3904: checking pthread.h presence
configure:3919: gcc -E  conftest.c
configure:3926: $? = 0
configure:3940: result: yes
configure:3968: checking for pthread.h
configure:3977: result: yes
configure:3862: checking pwd.h usability
configure:3879: gcc -c -g -O2  conftest.c >&5
configure:3886: $? = 0
configure:3900: result: yes
configure:3904: checking pwd.h presence
configure:3919: gcc -E  conftest.c
configure:3926: $? = 0
configure:3940: result: yes
configure:3968: checking for pwd.h
configure:3977: result: yes
configure:3862: checking regex.h usability
configure:3879: gcc -c -g -O2  conftest.c >&5
configure:3886: $? = 0
configure:3900: result: yes
configure:3904: checking regex.h presence
configure:3919: gcc -E  conftest.c
configure:3926: $? = 0
configure:3940: result: yes
configure:3968: checking for regex.h
configure:3977: result: yes
configure:3862: checking signal.h usability
configure:3879: gcc -c -g -O2  conftest.c >&5
configure:3886: $? = 0
configure:3900: result: yes
configure:3904: checking signal.h presence
configure:3919: gcc -E  conftest.c
configure:3926: $? = 0
configure:3940: result: yes
configure:3968: checking for signal.h
configure:3977: result: yes
configure:3862: checking socket.h usability
configure:3879: gcc -c -g -O2  conftest.c >&5
conftest.c:74:20: fatal error: socket.h: No such file or directory
compilation terminated.
configure:3886: $? = 1
configure: failed program was:
| /* confdefs.h.  */
| #define PACKAGE_NAME ""
| #define PACKAGE_TARNAME ""
| #define PACKAGE_VERSION ""
| #define PACKAGE_STRING ""
| #define PACKAGE_BUGREPORT ""
| #define DEFAULT_NAGIOS_USER nagios
| #define DEFAULT_NAGIOS_GROUP nagios
| #define STDC_HEADERS 1
| #define TIME_WITH_SYS_TIME 1
| #define HAVE_SYS_WAIT_H 1
| #define HAVE_SYS_TYPES_H 1
| #define HAVE_SYS_STAT_H 1
| #define HAVE_STDLIB_H 1
| #define HAVE_STRING_H 1
| #define HAVE_MEMORY_H 1
| #define HAVE_STRINGS_H 1
| #define HAVE_INTTYPES_H 1
| #define HAVE_STDINT_H 1
| #define HAVE_UNISTD_H 1
| #define HAVE_ARPA_INET_H 1
| #define HAVE_CTYPE_H 1
| #define HAVE_DIRENT_H 1
| #define HAVE_DLFCN_H 1
| #define HAVE_ERRNO_H 1
| #define HAVE_FCNTL_H 1
| #define HAVE_FLOAT_H 1
| #define HAVE_GETOPT_H 1
| #define HAVE_GRP_H 1
| #define HAVE_INTTYPES_H 1
| #define HAVE_LIMITS_H 1
| #define HAVE_LTDL_H 1
| #define HAVE_MATH_H 1
| #define HAVE_NETDB_H 1
| #define HAVE_NETINET_IN_H 1
| #define HAVE_PTHREAD_H 1
| #define HAVE_PWD_H 1
| #define HAVE_REGEX_H 1
| #define HAVE_SIGNAL_H 1
| /* end confdefs.h.  */
| #include <stdio.h>
| #ifdef HAVE_SYS_TYPES_H
| # include <sys/types.h>
| #endif
| #ifdef HAVE_SYS_STAT_H
| # include <sys/stat.h>
| #endif
| #ifdef STDC_HEADERS
| # include <stdlib.h>
| # include <stddef.h>
| #else
| # ifdef HAVE_STDLIB_H
| #  include <stdlib.h>
| # endif
| #endif
| #ifdef HAVE_STRING_H
| # if !defined STDC_HEADERS && defined HAVE_MEMORY_H
| #  include <memory.h>
| # endif
| # include <string.h>
| #endif
| #ifdef HAVE_STRINGS_H
| # include <strings.h>
| #endif
| #ifdef HAVE_INTTYPES_H
| # include <inttypes.h>
| #endif
| #ifdef HAVE_STDINT_H
| # include <stdint.h>
| #endif
| #ifdef HAVE_UNISTD_H
| # include <unistd.h>
| #endif
| #include <socket.h>
configure:3900: result: no
configure:3904: checking socket.h presence
configure:3919: gcc -E  conftest.c
conftest.c:41:20: fatal error: socket.h: No such file or directory
compilation terminated.
configure:3926: $? = 1
configure: failed program was:
| /* confdefs.h.  */
| #define PACKAGE_NAME ""
| #define PACKAGE_TARNAME ""
| #define PACKAGE_VERSION ""
| #define PACKAGE_STRING ""
| #define PACKAGE_BUGREPORT ""
| #define DEFAULT_NAGIOS_USER nagios
| #define DEFAULT_NAGIOS_GROUP nagios
| #define STDC_HEADERS 1
| #define TIME_WITH_SYS_TIME 1
| #define HAVE_SYS_WAIT_H 1
| #define HAVE_SYS_TYPES_H 1
| #define HAVE_SYS_STAT_H 1
| #define HAVE_STDLIB_H 1
| #define HAVE_STRING_H 1
| #define HAVE_MEMORY_H 1
| #define HAVE_STRINGS_H 1
| #define HAVE_INTTYPES_H 1
| #define HAVE_STDINT_H 1
| #define HAVE_UNISTD_H 1
| #define HAVE_ARPA_INET_H 1
| #define HAVE_CTYPE_H 1
| #define HAVE_DIRENT_H 1
| #define HAVE_DLFCN_H 1
| #define HAVE_ERRNO_H 1
| #define HAVE_FCNTL_H 1
| #define HAVE_FLOAT_H 1
| #define HAVE_GETOPT_H 1
| #define HAVE_GRP_H 1
| #define HAVE_INTTYPES_H 1
| #define HAVE_LIMITS_H 1
| #define HAVE_LTDL_H 1
| #define HAVE_MATH_H 1
| #define HAVE_NETDB_H 1
| #define HAVE_NETINET_IN_H 1
| #define HAVE_PTHREAD_H 1
| #define HAVE_PWD_H 1
| #define HAVE_REGEX_H 1
| #define HAVE_SIGNAL_H 1
| /* end confdefs.h.  */
| #include <socket.h>
configure:3940: result: no
configure:3968: checking for socket.h
configure:3977: result: no
configure:3862: checking stdarg.h usability
configure:3879: gcc -c -g -O2  conftest.c >&5
configure:3886: $? = 0
configure:3900: result: yes
configure:3904: checking stdarg.h presence
configure:3919: gcc -E  conftest.c
configure:3926: $? = 0
configure:3940: result: yes
configure:3968: checking for stdarg.h
configure:3977: result: yes
configure:3851: checking for stdint.h
configure:3858: result: yes
configure:3851: checking for string.h
configure:3858: result: yes
configure:3851: checking for strings.h
configure:3858: result: yes
configure:3862: checking sys/ipc.h usability
configure:3879: gcc -c -g -O2  conftest.c >&5
configure:3886: $? = 0
configure:3900: result: yes
configure:3904: checking sys/ipc.h presence
configure:3919: gcc -E  conftest.c
configure:3926: $? = 0
configure:3940: result: yes
configure:3968: checking for sys/ipc.h
configure:3977: result: yes
configure:3862: checking sys/mman.h usability
configure:3879: gcc -c -g -O2  conftest.c >&5
configure:3886: $? = 0
configure:3900: result: yes
configure:3904: checking sys/mman.h presence
configure:3919: gcc -E  conftest.c
configure:3926: $? = 0
configure:3940: result: yes
configure:3968: checking for sys/mman.h
configure:3977: result: yes
configure:3862: checking sys/msg.h usability
configure:3879: gcc -c -g -O2  conftest.c >&5
configure:3886: $? = 0
configure:3900: result: yes
configure:3904: checking sys/msg.h presence
configure:3919: gcc -E  conftest.c
configure:3926: $? = 0
configure:3940: result: yes
configure:3968: checking for sys/msg.h
configure:3977: result: yes
configure:3862: checking sys/poll.h usability
configure:3879: gcc -c -g -O2  conftest.c >&5
configure:3886: $? = 0
configure:3900: result: yes
configure:3904: checking sys/poll.h presence
configure:3919: gcc -E  conftest.c
configure:3926: $? = 0
configure:3940: result: yes
configure:3968: checking for sys/poll.h
configure:3977: result: yes
configure:3862: checking sys/resource.h usability
configure:3879: gcc -c -g -O2  conftest.c >&5
configure:3886: $? = 0
configure:3900: result: yes
configure:3904: checking sys/resource.h presence
configure:3919: gcc -E  conftest.c
configure:3926: $? = 0
configure:3940: result: yes
configure:3968: checking for sys/resource.h
configure:3977: result: yes
configure:3862: checking sys/sendfile.h usability
configure:3879: gcc -c -g -O2  conftest.c >&5
configure:3886: $? = 0
configure:3900: result: yes
configure:3904: checking sys/sendfile.h presence
configure:3919: gcc -E  conftest.c
configure:3926: $? = 0
configure:3940: result: yes
configure:3968: checking for sys/sendfile.h
configure:3977: result: yes
configure:3862: checking sys/socket.h usability
configure:3879: gcc -c -g -O2  conftest.c >&5
configure:3886: $? = 0
configure:3900: result: yes
configure:3904: checking sys/socket.h presence
configure:3919: gcc -E  conftest.c
configure:3926: $? = 0
configure:3940: result: yes
configure:3968: checking for sys/socket.h
configure:3977: result: yes
configure:3851: checking for sys/stat.h
configure:3858: result: yes
configure:3862: checking sys/time.h usability
configure:3879: gcc -c -g -O2  conftest.c >&5
configure:3886: $? = 0
configure:3900: result: yes
configure:3904: checking sys/time.h presence
configure:3919: gcc -E  conftest.c
configure:3926: $? = 0
configure:3940: result: yes
configure:3968: checking for sys/time.h
configure:3977: result: yes
configure:3862: checking sys/timeb.h usability
configure:3879: gcc -c -g -O2  conftest.c >&5
configure:3886: $? = 0
configure:3900: result: yes
configure:3904: checking sys/timeb.h presence
configure:3919: gcc -E  conftest.c
configure:3926: $? = 0
configure:3940: result: yes
configure:3968: checking for sys/timeb.h
configure:3977: result: yes
configure:3851: checking for sys/types.h
configure:3858: result: yes
configure:3862: checking sys/un.h usability
configure:3879: gcc -c -g -O2  conftest.c >&5
configure:3886: $? = 0
configure:3900: result: yes
configure:3904: checking sys/un.h presence
configure:3919: gcc -E  conftest.c
configure:3926: $? = 0
configure:3940: result: yes
configure:3968: checking for sys/un.h
configure:3977: result: yes
configure:3851: checking for sys/wait.h
configure:3858: result: yes
configure:3862: checking syslog.h usability
configure:3879: gcc -c -g -O2  conftest.c >&5
configure:3886: $? = 0
configure:3900: result: yes
configure:3904: checking syslog.h presence
configure:3919: gcc -E  conftest.c
configure:3926: $? = 0
configure:3940: result: yes
configure:3968: checking for syslog.h
configure:3977: result: yes
configure:3862: checking tcpd.h usability
configure:3879: gcc -c -g -O2  conftest.c >&5
conftest.c:92:18: fatal error: tcpd.h: No such file or directory
compilation terminated.
configure:3886: $? = 1
configure: failed program was:
| /* confdefs.h.  */
| #define PACKAGE_NAME ""
| #define PACKAGE_TARNAME ""
| #define PACKAGE_VERSION ""
| #define PACKAGE_STRING ""
| #define PACKAGE_BUGREPORT ""
| #define DEFAULT_NAGIOS_USER nagios
| #define DEFAULT_NAGIOS_GROUP nagios
| #define STDC_HEADERS 1
| #define TIME_WITH_SYS_TIME 1
| #define HAVE_SYS_WAIT_H 1
| #define HAVE_SYS_TYPES_H 1
| #define HAVE_SYS_STAT_H 1
| #define HAVE_STDLIB_H 1
| #define HAVE_STRING_H 1
| #define HAVE_MEMORY_H 1
| #define HAVE_STRINGS_H 1
| #define HAVE_INTTYPES_H 1
| #define HAVE_STDINT_H 1
| #define HAVE_UNISTD_H 1
| #define HAVE_ARPA_INET_H 1
| #define HAVE_CTYPE_H 1
| #define HAVE_DIRENT_H 1
| #define HAVE_DLFCN_H 1
| #define HAVE_ERRNO_H 1
| #define HAVE_FCNTL_H 1
| #define HAVE_FLOAT_H 1
| #define HAVE_GETOPT_H 1
| #define HAVE_GRP_H 1
| #define HAVE_INTTYPES_H 1
| #define HAVE_LIMITS_H 1
| #define HAVE_LTDL_H 1
| #define HAVE_MATH_H 1
| #define HAVE_NETDB_H 1
| #define HAVE_NETINET_IN_H 1
| #define HAVE_PTHREAD_H 1
| #define HAVE_PWD_H 1
| #define HAVE_REGEX_H 1
| #define HAVE_SIGNAL_H 1
| #define HAVE_STDARG_H 1
| #define HAVE_STDINT_H 1
| #define HAVE_STRING_H 1
| #define HAVE_STRINGS_H 1
| #define HAVE_SYS_IPC_H 1
| #define HAVE_SYS_MMAN_H 1
| #define HAVE_SYS_MSG_H 1
| #define HAVE_SYS_POLL_H 1
| #define HAVE_SYS_RESOURCE_H 1
| #define HAVE_SYS_SENDFILE_H 1
| #define HAVE_SYS_SOCKET_H 1
| #define HAVE_SYS_STAT_H 1
| #define HAVE_SYS_TIME_H 1
| #define HAVE_SYS_TIMEB_H 1
| #define HAVE_SYS_TYPES_H 1
| #define HAVE_SYS_UN_H 1
| #define HAVE_SYS_WAIT_H 1
| #define HAVE_SYSLOG_H 1
| /* end confdefs.h.  */
| #include <stdio.h>
| #ifdef HAVE_SYS_TYPES_H
| # include <sys/types.h>
| #endif
| #ifdef HAVE_SYS_STAT_H
| # include <sys/stat.h>
| #endif
| #ifdef STDC_HEADERS
| # include <stdlib.h>
| # include <stddef.h>
| #else
| # ifdef HAVE_STDLIB_H
| #  include <stdlib.h>
| # endif
| #endif
| #ifdef HAVE_STRING_H
| # if !defined STDC_HEADERS && defined HAVE_MEMORY_H
| #  include <memory.h>
| # endif
| # include <string.h>
| #endif
| #ifdef HAVE_STRINGS_H
| # include <strings.h>
| #endif
| #ifdef HAVE_INTTYPES_H
| # include <inttypes.h>
| #endif
| #ifdef HAVE_STDINT_H
| # include <stdint.h>
| #endif
| #ifdef HAVE_UNISTD_H
| # include <unistd.h>
| #endif
| #include <tcpd.h>
configure:3900: result: no
configure:3904: checking tcpd.h presence
configure:3919: gcc -E  conftest.c
conftest.c:59:18: fatal error: tcpd.h: No such file or directory
compilation terminated.
configure:3926: $? = 1
configure: failed program was:
| /* confdefs.h.  */
| #define PACKAGE_NAME ""
| #define PACKAGE_TARNAME ""
| #define PACKAGE_VERSION ""
| #define PACKAGE_STRING ""
| #define PACKAGE_BUGREPORT ""
| #define DEFAULT_NAGIOS_USER nagios
| #define DEFAULT_NAGIOS_GROUP nagios
| #define STDC_HEADERS 1
| #define TIME_WITH_SYS_TIME 1
| #define HAVE_SYS_WAIT_H 1
| #define HAVE_SYS_TYPES_H 1
| #define HAVE_SYS_STAT_H 1
| #define HAVE_STDLIB_H 1
| #define HAVE_STRING_H 1
| #define HAVE_MEMORY_H 1
| #define HAVE_STRINGS_H 1
| #define HAVE_INTTYPES_H 1
| #define HAVE_STDINT_H 1
| #define HAVE_UNISTD_H 1
| #define HAVE_ARPA_INET_H 1
| #define HAVE_CTYPE_H 1
| #define HAVE_DIRENT_H 1
| #define HAVE_DLFCN_H 1
| #define HAVE_ERRNO_H 1
| #define HAVE_FCNTL_H 1
| #define HAVE_FLOAT_H 1
| #define HAVE_GETOPT_H 1
| #define HAVE_GRP_H 1
| #define HAVE_INTTYPES_H 1
| #define HAVE_LIMITS_H 1
| #define HAVE_LTDL_H 1
| #define HAVE_MATH_H 1
| #define HAVE_NETDB_H 1
| #define HAVE_NETINET_IN_H 1
| #define HAVE_PTHREAD_H 1
| #define HAVE_PWD_H 1
| #define HAVE_REGEX_H 1
| #define HAVE_SIGNAL_H 1
| #define HAVE_STDARG_H 1
| #define HAVE_STDINT_H 1
| #define HAVE_STRING_H 1
| #define HAVE_STRINGS_H 1
| #define HAVE_SYS_IPC_H 1
| #define HAVE_SYS_MMAN_H 1
| #define HAVE_SYS_MSG_H 1
| #define HAVE_SYS_POLL_H 1
| #define HAVE_SYS_RESOURCE_H 1
| #define HAVE_SYS_SENDFILE_H 1
| #define HAVE_SYS_SOCKET_H 1
| #define HAVE_SYS_STAT_H 1
| #define HAVE_SYS_TIME_H 1
| #define HAVE_SYS_TIMEB_H 1
| #define HAVE_SYS_TYPES_H 1
| #define HAVE_SYS_UN_H 1
| #define HAVE_SYS_WAIT_H 1
| #define HAVE_SYSLOG_H 1
| /* end confdefs.h.  */
| #include <tcpd.h>
configure:3940: result: no
configure:3968: checking for tcpd.h
configure:3977: result: no
configure:3851: checking for unistd.h
configure:3858: result: yes
configure:3862: checking values.h usability
configure:3879: gcc -c -g -O2  conftest.c >&5
configure:3886: $? = 0
configure:3900: result: yes
configure:3904: checking values.h presence
configure:3919: gcc -E  conftest.c
configure:3926: $? = 0
configure:3940: result: yes
configure:3968: checking for values.h
configure:3977: result: yes
configure:3993: checking for an ANSI C-conforming const
configure:4068: gcc -c -g -O2  conftest.c >&5
configure:4075: $? = 0
configure:4090: result: yes
configure:4100: checking whether struct tm is in sys/time.h or time.h
configure:4130: gcc -c -g -O2  conftest.c >&5
configure:4137: $? = 0
configure:4152: result: time.h
configure:4162: checking for mode_t
configure:4190: gcc -c -g -O2  conftest.c >&5
configure:4197: $? = 0
configure:4224: gcc -c -g -O2  conftest.c >&5
conftest.c: In function 'main':
conftest.c:97:21: error: expected expression before ')' token
configure:4231: $? = 1
configure: failed program was:
| /* confdefs.h.  */
| #define PACKAGE_NAME ""
| #define PACKAGE_TARNAME ""
| #define PACKAGE_VERSION ""
| #define PACKAGE_STRING ""
| #define PACKAGE_BUGREPORT ""
| #define DEFAULT_NAGIOS_USER nagios
| #define DEFAULT_NAGIOS_GROUP nagios
| #define STDC_HEADERS 1
| #define TIME_WITH_SYS_TIME 1
| #define HAVE_SYS_WAIT_H 1
| #define HAVE_SYS_TYPES_H 1
| #define HAVE_SYS_STAT_H 1
| #define HAVE_STDLIB_H 1
| #define HAVE_STRING_H 1
| #define HAVE_MEMORY_H 1
| #define HAVE_STRINGS_H 1
| #define HAVE_INTTYPES_H 1
| #define HAVE_STDINT_H 1
| #define HAVE_UNISTD_H 1
| #define HAVE_ARPA_INET_H 1
| #define HAVE_CTYPE_H 1
| #define HAVE_DIRENT_H 1
| #define HAVE_DLFCN_H 1
| #define HAVE_ERRNO_H 1
| #define HAVE_FCNTL_H 1
| #define HAVE_FLOAT_H 1
| #define HAVE_GETOPT_H 1
| #define HAVE_GRP_H 1
| #define HAVE_INTTYPES_H 1
| #define HAVE_LIMITS_H 1
| #define HAVE_LTDL_H 1
| #define HAVE_MATH_H 1
| #define HAVE_NETDB_H 1
| #define HAVE_NETINET_IN_H 1
| #define HAVE_PTHREAD_H 1
| #define HAVE_PWD_H 1
| #define HAVE_REGEX_H 1
| #define HAVE_SIGNAL_H 1
| #define HAVE_STDARG_H 1
| #define HAVE_STDINT_H 1
| #define HAVE_STRING_H 1
| #define HAVE_STRINGS_H 1
| #define HAVE_SYS_IPC_H 1
| #define HAVE_SYS_MMAN_H 1
| #define HAVE_SYS_MSG_H 1
| #define HAVE_SYS_POLL_H 1
| #define HAVE_SYS_RESOURCE_H 1
| #define HAVE_SYS_SENDFILE_H 1
| #define HAVE_SYS_SOCKET_H 1
| #define HAVE_SYS_STAT_H 1
| #define HAVE_SYS_TIME_H 1
| #define HAVE_SYS_TIMEB_H 1
| #define HAVE_SYS_TYPES_H 1
| #define HAVE_SYS_UN_H 1
| #define HAVE_SYS_WAIT_H 1
| #define HAVE_SYSLOG_H 1
| #define HAVE_UNISTD_H 1
| #define HAVE_VALUES_H 1
| /* end confdefs.h.  */
| #include <stdio.h>
| #ifdef HAVE_SYS_TYPES_H
| # include <sys/types.h>
| #endif
| #ifdef HAVE_SYS_STAT_H
| # include <sys/stat.h>
| #endif
| #ifdef STDC_HEADERS
| # include <stdlib.h>
| # include <stddef.h>
| #else
| # ifdef HAVE_STDLIB_H
| #  include <stdlib.h>
| # endif
| #endif
| #ifdef HAVE_STRING_H
| # if !defined STDC_HEADERS && defined HAVE_MEMORY_H
| #  include <memory.h>
| # endif
| # include <string.h>
| #endif
| #ifdef HAVE_STRINGS_H
| # include <strings.h>
| #endif
| #ifdef HAVE_INTTYPES_H
| # include <inttypes.h>
| #endif
| #ifdef HAVE_STDINT_H
| # include <stdint.h>
| #endif
| #ifdef HAVE_UNISTD_H
| # include <unistd.h>
| #endif
| int
| main ()
| {
| if (sizeof ((mode_t)))
| 	  return 0;
|   ;
|   return 0;
| }
configure:4254: result: yes
configure:4266: checking for pid_t
configure:4294: gcc -c -g -O2  conftest.c >&5
configure:4301: $? = 0
configure:4328: gcc -c -g -O2  conftest.c >&5
conftest.c: In function 'main':
conftest.c:97:20: error: expected expression before ')' token
configure:4335: $? = 1
configure: failed program was:
| /* confdefs.h.  */
| #define PACKAGE_NAME ""
| #define PACKAGE_TARNAME ""
| #define PACKAGE_VERSION ""
| #define PACKAGE_STRING ""
| #define PACKAGE_BUGREPORT ""
| #define DEFAULT_NAGIOS_USER nagios
| #define DEFAULT_NAGIOS_GROUP nagios
| #define STDC_HEADERS 1
| #define TIME_WITH_SYS_TIME 1
| #define HAVE_SYS_WAIT_H 1
| #define HAVE_SYS_TYPES_H 1
| #define HAVE_SYS_STAT_H 1
| #define HAVE_STDLIB_H 1
| #define HAVE_STRING_H 1
| #define HAVE_MEMORY_H 1
| #define HAVE_STRINGS_H 1
| #define HAVE_INTTYPES_H 1
| #define HAVE_STDINT_H 1
| #define HAVE_UNISTD_H 1
| #define HAVE_ARPA_INET_H 1
| #define HAVE_CTYPE_H 1
| #define HAVE_DIRENT_H 1
| #define HAVE_DLFCN_H 1
| #define HAVE_ERRNO_H 1
| #define HAVE_FCNTL_H 1
| #define HAVE_FLOAT_H 1
| #define HAVE_GETOPT_H 1
| #define HAVE_GRP_H 1
| #define HAVE_INTTYPES_H 1
| #define HAVE_LIMITS_H 1
| #define HAVE_LTDL_H 1
| #define HAVE_MATH_H 1
| #define HAVE_NETDB_H 1
| #define HAVE_NETINET_IN_H 1
| #define HAVE_PTHREAD_H 1
| #define HAVE_PWD_H 1
| #define HAVE_REGEX_H 1
| #define HAVE_SIGNAL_H 1
| #define HAVE_STDARG_H 1
| #define HAVE_STDINT_H 1
| #define HAVE_STRING_H 1
| #define HAVE_STRINGS_H 1
| #define HAVE_SYS_IPC_H 1
| #define HAVE_SYS_MMAN_H 1
| #define HAVE_SYS_MSG_H 1
| #define HAVE_SYS_POLL_H 1
| #define HAVE_SYS_RESOURCE_H 1
| #define HAVE_SYS_SENDFILE_H 1
| #define HAVE_SYS_SOCKET_H 1
| #define HAVE_SYS_STAT_H 1
| #define HAVE_SYS_TIME_H 1
| #define HAVE_SYS_TIMEB_H 1
| #define HAVE_SYS_TYPES_H 1
| #define HAVE_SYS_UN_H 1
| #define HAVE_SYS_WAIT_H 1
| #define HAVE_SYSLOG_H 1
| #define HAVE_UNISTD_H 1
| #define HAVE_VALUES_H 1
| /* end confdefs.h.  */
| #include <stdio.h>
| #ifdef HAVE_SYS_TYPES_H
| # include <sys/types.h>
| #endif
| #ifdef HAVE_SYS_STAT_H
| # include <sys/stat.h>
| #endif
| #ifdef STDC_HEADERS
| # include <stdlib.h>
| # include <stddef.h>
| #else
| # ifdef HAVE_STDLIB_H
| #  include <stdlib.h>
| # endif
| #endif
| #ifdef HAVE_STRING_H
| # if !defined STDC_HEADERS && defined HAVE_MEMORY_H
| #  include <memory.h>
| # endif
| # include <string.h>
| #endif
| #ifdef HAVE_STRINGS_H
| # include <strings.h>
| #endif
| #ifdef HAVE_INTTYPES_H
| # include <inttypes.h>
| #endif
| #ifdef HAVE_STDINT_H
| # include <stdint.h>
| #endif
| #ifdef HAVE_UNISTD_H
| # include <unistd.h>
| #endif
| int
| main ()
| {
| if (sizeof ((pid_t)))
| 	  return 0;
|   ;
|   return 0;
| }
configure:4358: result: yes
configure:4370: checking for size_t
configure:4398: gcc -c -g -O2  conftest.c >&5
configure:4405: $? = 0
configure:4432: gcc -c -g -O2  conftest.c >&5
conftest.c: In function 'main':
conftest.c:97:21: error: expected expression before ')' token
configure:4439: $? = 1
configure: failed program was:
| /* confdefs.h.  */
| #define PACKAGE_NAME ""
| #define PACKAGE_TARNAME ""
| #define PACKAGE_VERSION ""
| #define PACKAGE_STRING ""
| #define PACKAGE_BUGREPORT ""
| #define DEFAULT_NAGIOS_USER nagios
| #define DEFAULT_NAGIOS_GROUP nagios
| #define STDC_HEADERS 1
| #define TIME_WITH_SYS_TIME 1
| #define HAVE_SYS_WAIT_H 1
| #define HAVE_SYS_TYPES_H 1
| #define HAVE_SYS_STAT_H 1
| #define HAVE_STDLIB_H 1
| #define HAVE_STRING_H 1
| #define HAVE_MEMORY_H 1
| #define HAVE_STRINGS_H 1
| #define HAVE_INTTYPES_H 1
| #define HAVE_STDINT_H 1
| #define HAVE_UNISTD_H 1
| #define HAVE_ARPA_INET_H 1
| #define HAVE_CTYPE_H 1
| #define HAVE_DIRENT_H 1
| #define HAVE_DLFCN_H 1
| #define HAVE_ERRNO_H 1
| #define HAVE_FCNTL_H 1
| #define HAVE_FLOAT_H 1
| #define HAVE_GETOPT_H 1
| #define HAVE_GRP_H 1
| #define HAVE_INTTYPES_H 1
| #define HAVE_LIMITS_H 1
| #define HAVE_LTDL_H 1
| #define HAVE_MATH_H 1
| #define HAVE_NETDB_H 1
| #define HAVE_NETINET_IN_H 1
| #define HAVE_PTHREAD_H 1
| #define HAVE_PWD_H 1
| #define HAVE_REGEX_H 1
| #define HAVE_SIGNAL_H 1
| #define HAVE_STDARG_H 1
| #define HAVE_STDINT_H 1
| #define HAVE_STRING_H 1
| #define HAVE_STRINGS_H 1
| #define HAVE_SYS_IPC_H 1
| #define HAVE_SYS_MMAN_H 1
| #define HAVE_SYS_MSG_H 1
| #define HAVE_SYS_POLL_H 1
| #define HAVE_SYS_RESOURCE_H 1
| #define HAVE_SYS_SENDFILE_H 1
| #define HAVE_SYS_SOCKET_H 1
| #define HAVE_SYS_STAT_H 1
| #define HAVE_SYS_TIME_H 1
| #define HAVE_SYS_TIMEB_H 1
| #define HAVE_SYS_TYPES_H 1
| #define HAVE_SYS_UN_H 1
| #define HAVE_SYS_WAIT_H 1
| #define HAVE_SYSLOG_H 1
| #define HAVE_UNISTD_H 1
| #define HAVE_VALUES_H 1
| /* end confdefs.h.  */
| #include <stdio.h>
| #ifdef HAVE_SYS_TYPES_H
| # include <sys/types.h>
| #endif
| #ifdef HAVE_SYS_STAT_H
| # include <sys/stat.h>
| #endif
| #ifdef STDC_HEADERS
| # include <stdlib.h>
| # include <stddef.h>
| #else
| # ifdef HAVE_STDLIB_H
| #  include <stdlib.h>
| # endif
| #endif
| #ifdef HAVE_STRING_H
| # if !defined STDC_HEADERS && defined HAVE_MEMORY_H
| #  include <memory.h>
| # endif
| # include <string.h>
| #endif
| #ifdef HAVE_STRINGS_H
| # include <strings.h>
| #endif
| #ifdef HAVE_INTTYPES_H
| # include <inttypes.h>
| #endif
| #ifdef HAVE_STDINT_H
| # include <stdint.h>
| #endif
| #ifdef HAVE_UNISTD_H
| # include <unistd.h>
| #endif
| int
| main ()
| {
| if (sizeof ((size_t)))
| 	  return 0;
|   ;
|   return 0;
| }
configure:4462: result: yes
configure:4474: checking return type of signal handlers
configure:4502: gcc -c -g -O2  conftest.c >&5
conftest.c: In function 'main':
conftest.c:67:1: error: void value not ignored as it ought to be
configure:4509: $? = 1
configure: failed program was:
| /* confdefs.h.  */
| #define PACKAGE_NAME ""
| #define PACKAGE_TARNAME ""
| #define PACKAGE_VERSION ""
| #define PACKAGE_STRING ""
| #define PACKAGE_BUGREPORT ""
| #define DEFAULT_NAGIOS_USER nagios
| #define DEFAULT_NAGIOS_GROUP nagios
| #define STDC_HEADERS 1
| #define TIME_WITH_SYS_TIME 1
| #define HAVE_SYS_WAIT_H 1
| #define HAVE_SYS_TYPES_H 1
| #define HAVE_SYS_STAT_H 1
| #define HAVE_STDLIB_H 1
| #define HAVE_STRING_H 1
| #define HAVE_MEMORY_H 1
| #define HAVE_STRINGS_H 1
| #define HAVE_INTTYPES_H 1
| #define HAVE_STDINT_H 1
| #define HAVE_UNISTD_H 1
| #define HAVE_ARPA_INET_H 1
| #define HAVE_CTYPE_H 1
| #define HAVE_DIRENT_H 1
| #define HAVE_DLFCN_H 1
| #define HAVE_ERRNO_H 1
| #define HAVE_FCNTL_H 1
| #define HAVE_FLOAT_H 1
| #define HAVE_GETOPT_H 1
| #define HAVE_GRP_H 1
| #define HAVE_INTTYPES_H 1
| #define HAVE_LIMITS_H 1
| #define HAVE_LTDL_H 1
| #define HAVE_MATH_H 1
| #define HAVE_NETDB_H 1
| #define HAVE_NETINET_IN_H 1
| #define HAVE_PTHREAD_H 1
| #define HAVE_PWD_H 1
| #define HAVE_REGEX_H 1
| #define HAVE_SIGNAL_H 1
| #define HAVE_STDARG_H 1
| #define HAVE_STDINT_H 1
| #define HAVE_STRING_H 1
| #define HAVE_STRINGS_H 1
| #define HAVE_SYS_IPC_H 1
| #define HAVE_SYS_MMAN_H 1
| #define HAVE_SYS_MSG_H 1
| #define HAVE_SYS_POLL_H 1
| #define HAVE_SYS_RESOURCE_H 1
| #define HAVE_SYS_SENDFILE_H 1
| #define HAVE_SYS_SOCKET_H 1
| #define HAVE_SYS_STAT_H 1
| #define HAVE_SYS_TIME_H 1
| #define HAVE_SYS_TIMEB_H 1
| #define HAVE_SYS_TYPES_H 1
| #define HAVE_SYS_UN_H 1
| #define HAVE_SYS_WAIT_H 1
| #define HAVE_SYSLOG_H 1
| #define HAVE_UNISTD_H 1
| #define HAVE_VALUES_H 1
| /* end confdefs.h.  */
| #include <sys/types.h>
| #include <signal.h>
| 
| int
| main ()
| {
| return *(signal (0, 0)) (0) == 1;
|   ;
|   return 0;
| }
configure:4524: result: void
configure:4532: checking for uid_t in sys/types.h
configure:4555: result: yes
configure:4570: checking type of array argument to getgroups
configure:4614: gcc -o conftest -g -O2   conftest.c  >&5
configure:4618: $? = 0
configure:4624: ./conftest
configure:4628: $? = 0
configure:4664: result: gid_t
configure:4677: checking size of int
configure:4982: gcc -o conftest -g -O2   conftest.c  >&5
configure:4986: $? = 0
configure:4992: ./conftest
configure:4996: $? = 0
configure:5022: result: 4
configure:5036: checking size of short
configure:5341: gcc -o conftest -g -O2   conftest.c  >&5
configure:5345: $? = 0
configure:5351: ./conftest
configure:5355: $? = 0
configure:5381: result: 2
configure:5395: checking size of long
configure:5700: gcc -o conftest -g -O2   conftest.c  >&5
configure:5704: $? = 0
configure:5710: ./conftest
configure:5714: $? = 0
configure:5740: result: 8
configure:5751: checking for uint32_t
configure:5779: gcc -c -g -O2  conftest.c >&5
configure:5786: $? = 0
configure:5813: gcc -c -g -O2  conftest.c >&5
conftest.c: In function 'main':
conftest.c:102:23: error: expected expression before ')' token
configure:5820: $? = 1
configure: failed program was:
| /* confdefs.h.  */
| #define PACKAGE_NAME ""
| #define PACKAGE_TARNAME ""
| #define PACKAGE_VERSION ""
| #define PACKAGE_STRING ""
| #define PACKAGE_BUGREPORT ""
| #define DEFAULT_NAGIOS_USER nagios
| #define DEFAULT_NAGIOS_GROUP nagios
| #define STDC_HEADERS 1
| #define TIME_WITH_SYS_TIME 1
| #define HAVE_SYS_WAIT_H 1
| #define HAVE_SYS_TYPES_H 1
| #define HAVE_SYS_STAT_H 1
| #define HAVE_STDLIB_H 1
| #define HAVE_STRING_H 1
| #define HAVE_MEMORY_H 1
| #define HAVE_STRINGS_H 1
| #define HAVE_INTTYPES_H 1
| #define HAVE_STDINT_H 1
| #define HAVE_UNISTD_H 1
| #define HAVE_ARPA_INET_H 1
| #define HAVE_CTYPE_H 1
| #define HAVE_DIRENT_H 1
| #define HAVE_DLFCN_H 1
| #define HAVE_ERRNO_H 1
| #define HAVE_FCNTL_H 1
| #define HAVE_FLOAT_H 1
| #define HAVE_GETOPT_H 1
| #define HAVE_GRP_H 1
| #define HAVE_INTTYPES_H 1
| #define HAVE_LIMITS_H 1
| #define HAVE_LTDL_H 1
| #define HAVE_MATH_H 1
| #define HAVE_NETDB_H 1
| #define HAVE_NETINET_IN_H 1
| #define HAVE_PTHREAD_H 1
| #define HAVE_PWD_H 1
| #define HAVE_REGEX_H 1
| #define HAVE_SIGNAL_H 1
| #define HAVE_STDARG_H 1
| #define HAVE_STDINT_H 1
| #define HAVE_STRING_H 1
| #define HAVE_STRINGS_H 1
| #define HAVE_SYS_IPC_H 1
| #define HAVE_SYS_MMAN_H 1
| #define HAVE_SYS_MSG_H 1
| #define HAVE_SYS_POLL_H 1
| #define HAVE_SYS_RESOURCE_H 1
| #define HAVE_SYS_SENDFILE_H 1
| #define HAVE_SYS_SOCKET_H 1
| #define HAVE_SYS_STAT_H 1
| #define HAVE_SYS_TIME_H 1
| #define HAVE_SYS_TIMEB_H 1
| #define HAVE_SYS_TYPES_H 1
| #define HAVE_SYS_UN_H 1
| #define HAVE_SYS_WAIT_H 1
| #define HAVE_SYSLOG_H 1
| #define HAVE_UNISTD_H 1
| #define HAVE_VALUES_H 1
| #define RETSIGTYPE void
| #define GETGROUPS_T gid_t
| #define SIZEOF_INT 4
| #define SIZEOF_SHORT 2
| #define SIZEOF_LONG 8
| /* end confdefs.h.  */
| #include <stdio.h>
| #ifdef HAVE_SYS_TYPES_H
| # include <sys/types.h>
| #endif
| #ifdef HAVE_SYS_STAT_H
| # include <sys/stat.h>
| #endif
| #ifdef STDC_HEADERS
| # include <stdlib.h>
| # include <stddef.h>
| #else
| # ifdef HAVE_STDLIB_H
| #  include <stdlib.h>
| # endif
| #endif
| #ifdef HAVE_STRING_H
| # if !defined STDC_HEADERS && defined HAVE_MEMORY_H
| #  include <memory.h>
| # endif
| # include <string.h>
| #endif
| #ifdef HAVE_STRINGS_H
| # include <strings.h>
| #endif
| #ifdef HAVE_INTTYPES_H
| # include <inttypes.h>
| #endif
| #ifdef HAVE_STDINT_H
| # include <stdint.h>
| #endif
| #ifdef HAVE_UNISTD_H
| # include <unistd.h>
| #endif
| int
| main ()
| {
| if (sizeof ((uint32_t)))
| 	  return 0;
|   ;
|   return 0;
| }
configure:5843: result: yes
configure:5855: checking for u_int32_t
configure:5883: gcc -c -g -O2  conftest.c >&5
configure:5890: $? = 0
configure:5917: gcc -c -g -O2  conftest.c >&5
conftest.c: In function 'main':
conftest.c:102:24: error: expected expression before ')' token
configure:5924: $? = 1
configure: failed program was:
| /* confdefs.h.  */
| #define PACKAGE_NAME ""
| #define PACKAGE_TARNAME ""
| #define PACKAGE_VERSION ""
| #define PACKAGE_STRING ""
| #define PACKAGE_BUGREPORT ""
| #define DEFAULT_NAGIOS_USER nagios
| #define DEFAULT_NAGIOS_GROUP nagios
| #define STDC_HEADERS 1
| #define TIME_WITH_SYS_TIME 1
| #define HAVE_SYS_WAIT_H 1
| #define HAVE_SYS_TYPES_H 1
| #define HAVE_SYS_STAT_H 1
| #define HAVE_STDLIB_H 1
| #define HAVE_STRING_H 1
| #define HAVE_MEMORY_H 1
| #define HAVE_STRINGS_H 1
| #define HAVE_INTTYPES_H 1
| #define HAVE_STDINT_H 1
| #define HAVE_UNISTD_H 1
| #define HAVE_ARPA_INET_H 1
| #define HAVE_CTYPE_H 1
| #define HAVE_DIRENT_H 1
| #define HAVE_DLFCN_H 1
| #define HAVE_ERRNO_H 1
| #define HAVE_FCNTL_H 1
| #define HAVE_FLOAT_H 1
| #define HAVE_GETOPT_H 1
| #define HAVE_GRP_H 1
| #define HAVE_INTTYPES_H 1
| #define HAVE_LIMITS_H 1
| #define HAVE_LTDL_H 1
| #define HAVE_MATH_H 1
| #define HAVE_NETDB_H 1
| #define HAVE_NETINET_IN_H 1
| #define HAVE_PTHREAD_H 1
| #define HAVE_PWD_H 1
| #define HAVE_REGEX_H 1
| #define HAVE_SIGNAL_H 1
| #define HAVE_STDARG_H 1
| #define HAVE_STDINT_H 1
| #define HAVE_STRING_H 1
| #define HAVE_STRINGS_H 1
| #define HAVE_SYS_IPC_H 1
| #define HAVE_SYS_MMAN_H 1
| #define HAVE_SYS_MSG_H 1
| #define HAVE_SYS_POLL_H 1
| #define HAVE_SYS_RESOURCE_H 1
| #define HAVE_SYS_SENDFILE_H 1
| #define HAVE_SYS_SOCKET_H 1
| #define HAVE_SYS_STAT_H 1
| #define HAVE_SYS_TIME_H 1
| #define HAVE_SYS_TIMEB_H 1
| #define HAVE_SYS_TYPES_H 1
| #define HAVE_SYS_UN_H 1
| #define HAVE_SYS_WAIT_H 1
| #define HAVE_SYSLOG_H 1
| #define HAVE_UNISTD_H 1
| #define HAVE_VALUES_H 1
| #define RETSIGTYPE void
| #define GETGROUPS_T gid_t
| #define SIZEOF_INT 4
| #define SIZEOF_SHORT 2
| #define SIZEOF_LONG 8
| /* end confdefs.h.  */
| #include <stdio.h>
| #ifdef HAVE_SYS_TYPES_H
| # include <sys/types.h>
| #endif
| #ifdef HAVE_SYS_STAT_H
| # include <sys/stat.h>
| #endif
| #ifdef STDC_HEADERS
| # include <stdlib.h>
| # include <stddef.h>
| #else
| # ifdef HAVE_STDLIB_H
| #  include <stdlib.h>
| # endif
| #endif
| #ifdef HAVE_STRING_H
| # if !defined STDC_HEADERS && defined HAVE_MEMORY_H
| #  include <memory.h>
| # endif
| # include <string.h>
| #endif
| #ifdef HAVE_STRINGS_H
| # include <strings.h>
| #endif
| #ifdef HAVE_INTTYPES_H
| # include <inttypes.h>
| #endif
| #ifdef HAVE_STDINT_H
| # include <stdint.h>
| #endif
| #ifdef HAVE_UNISTD_H
| # include <unistd.h>
| #endif
| int
| main ()
| {
| if (sizeof ((u_int32_t)))
| 	  return 0;
|   ;
|   return 0;
| }
configure:5947: result: yes
configure:5989: checking for int32_t
configure:6017: gcc -c -g -O2  conftest.c >&5
configure:6024: $? = 0
configure:6051: gcc -c -g -O2  conftest.c >&5
conftest.c: In function 'main':
conftest.c:102:22: error: expected expression before ')' token
configure:6058: $? = 1
configure: failed program was:
| /* confdefs.h.  */
| #define PACKAGE_NAME ""
| #define PACKAGE_TARNAME ""
| #define PACKAGE_VERSION ""
| #define PACKAGE_STRING ""
| #define PACKAGE_BUGREPORT ""
| #define DEFAULT_NAGIOS_USER nagios
| #define DEFAULT_NAGIOS_GROUP nagios
| #define STDC_HEADERS 1
| #define TIME_WITH_SYS_TIME 1
| #define HAVE_SYS_WAIT_H 1
| #define HAVE_SYS_TYPES_H 1
| #define HAVE_SYS_STAT_H 1
| #define HAVE_STDLIB_H 1
| #define HAVE_STRING_H 1
| #define HAVE_MEMORY_H 1
| #define HAVE_STRINGS_H 1
| #define HAVE_INTTYPES_H 1
| #define HAVE_STDINT_H 1
| #define HAVE_UNISTD_H 1
| #define HAVE_ARPA_INET_H 1
| #define HAVE_CTYPE_H 1
| #define HAVE_DIRENT_H 1
| #define HAVE_DLFCN_H 1
| #define HAVE_ERRNO_H 1
| #define HAVE_FCNTL_H 1
| #define HAVE_FLOAT_H 1
| #define HAVE_GETOPT_H 1
| #define HAVE_GRP_H 1
| #define HAVE_INTTYPES_H 1
| #define HAVE_LIMITS_H 1
| #define HAVE_LTDL_H 1
| #define HAVE_MATH_H 1
| #define HAVE_NETDB_H 1
| #define HAVE_NETINET_IN_H 1
| #define HAVE_PTHREAD_H 1
| #define HAVE_PWD_H 1
| #define HAVE_REGEX_H 1
| #define HAVE_SIGNAL_H 1
| #define HAVE_STDARG_H 1
| #define HAVE_STDINT_H 1
| #define HAVE_STRING_H 1
| #define HAVE_STRINGS_H 1
| #define HAVE_SYS_IPC_H 1
| #define HAVE_SYS_MMAN_H 1
| #define HAVE_SYS_MSG_H 1
| #define HAVE_SYS_POLL_H 1
| #define HAVE_SYS_RESOURCE_H 1
| #define HAVE_SYS_SENDFILE_H 1
| #define HAVE_SYS_SOCKET_H 1
| #define HAVE_SYS_STAT_H 1
| #define HAVE_SYS_TIME_H 1
| #define HAVE_SYS_TIMEB_H 1
| #define HAVE_SYS_TYPES_H 1
| #define HAVE_SYS_UN_H 1
| #define HAVE_SYS_WAIT_H 1
| #define HAVE_SYSLOG_H 1
| #define HAVE_UNISTD_H 1
| #define HAVE_VALUES_H 1
| #define RETSIGTYPE void
| #define GETGROUPS_T gid_t
| #define SIZEOF_INT 4
| #define SIZEOF_SHORT 2
| #define SIZEOF_LONG 8
| /* end confdefs.h.  */
| #include <stdio.h>
| #ifdef HAVE_SYS_TYPES_H
| # include <sys/types.h>
| #endif
| #ifdef HAVE_SYS_STAT_H
| # include <sys/stat.h>
| #endif
| #ifdef STDC_HEADERS
| # include <stdlib.h>
| # include <stddef.h>
| #else
| # ifdef HAVE_STDLIB_H
| #  include <stdlib.h>
| # endif
| #endif
| #ifdef HAVE_STRING_H
| # if !defined STDC_HEADERS && defined HAVE_MEMORY_H
| #  include <memory.h>
| # endif
| # include <string.h>
| #endif
| #ifdef HAVE_STRINGS_H
| # include <strings.h>
| #endif
| #ifdef HAVE_INTTYPES_H
| # include <inttypes.h>
| #endif
| #ifdef HAVE_STDINT_H
| # include <stdint.h>
| #endif
| #ifdef HAVE_UNISTD_H
| # include <unistd.h>
| #endif
| int
| main ()
| {
| if (sizeof ((int32_t)))
| 	  return 0;
|   ;
|   return 0;
| }
configure:6081: result: yes
configure:6121: checking for getopt_long
configure:6177: gcc -o conftest -g -O2   conftest.c  >&5
configure:6184: $? = 0
configure:6206: result: yes
configure:6290: checking for main in -lnsl
configure:6319: gcc -o conftest -g -O2   conftest.c -lnsl   >&5
configure:6326: $? = 0
configure:6347: result: yes
configure:6353: checking for socket in -lsocket
configure:6388: gcc -o conftest -g -O2   conftest.c -lsocket   >&5
/usr/bin/ld: cannot find -lsocket
collect2: ld returned 1 exit status
configure:6395: $? = 1
configure: failed program was:
| /* confdefs.h.  */
| #define PACKAGE_NAME ""
| #define PACKAGE_TARNAME ""
| #define PACKAGE_VERSION ""
| #define PACKAGE_STRING ""
| #define PACKAGE_BUGREPORT ""
| #define DEFAULT_NAGIOS_USER nagios
| #define DEFAULT_NAGIOS_GROUP nagios
| #define STDC_HEADERS 1
| #define TIME_WITH_SYS_TIME 1
| #define HAVE_SYS_WAIT_H 1
| #define HAVE_SYS_TYPES_H 1
| #define HAVE_SYS_STAT_H 1
| #define HAVE_STDLIB_H 1
| #define HAVE_STRING_H 1
| #define HAVE_MEMORY_H 1
| #define HAVE_STRINGS_H 1
| #define HAVE_INTTYPES_H 1
| #define HAVE_STDINT_H 1
| #define HAVE_UNISTD_H 1
| #define HAVE_ARPA_INET_H 1
| #define HAVE_CTYPE_H 1
| #define HAVE_DIRENT_H 1
| #define HAVE_DLFCN_H 1
| #define HAVE_ERRNO_H 1
| #define HAVE_FCNTL_H 1
| #define HAVE_FLOAT_H 1
| #define HAVE_GETOPT_H 1
| #define HAVE_GRP_H 1
| #define HAVE_INTTYPES_H 1
| #define HAVE_LIMITS_H 1
| #define HAVE_LTDL_H 1
| #define HAVE_MATH_H 1
| #define HAVE_NETDB_H 1
| #define HAVE_NETINET_IN_H 1
| #define HAVE_PTHREAD_H 1
| #define HAVE_PWD_H 1
| #define HAVE_REGEX_H 1
| #define HAVE_SIGNAL_H 1
| #define HAVE_STDARG_H 1
| #define HAVE_STDINT_H 1
| #define HAVE_STRING_H 1
| #define HAVE_STRINGS_H 1
| #define HAVE_SYS_IPC_H 1
| #define HAVE_SYS_MMAN_H 1
| #define HAVE_SYS_MSG_H 1
| #define HAVE_SYS_POLL_H 1
| #define HAVE_SYS_RESOURCE_H 1
| #define HAVE_SYS_SENDFILE_H 1
| #define HAVE_SYS_SOCKET_H 1
| #define HAVE_SYS_STAT_H 1
| #define HAVE_SYS_TIME_H 1
| #define HAVE_SYS_TIMEB_H 1
| #define HAVE_SYS_TYPES_H 1
| #define HAVE_SYS_UN_H 1
| #define HAVE_SYS_WAIT_H 1
| #define HAVE_SYSLOG_H 1
| #define HAVE_UNISTD_H 1
| #define HAVE_VALUES_H 1
| #define RETSIGTYPE void
| #define GETGROUPS_T gid_t
| #define SIZEOF_INT 4
| #define SIZEOF_SHORT 2
| #define SIZEOF_LONG 8
| #define HAVE_GETOPT_LONG 1
| /* end confdefs.h.  */
| 
| /* Override any GCC internal prototype to avoid an error.
|    Use char because int might match the return type of a GCC
|    builtin and then its argument prototype would still apply.  */
| #ifdef __cplusplus
| extern "C"
| #endif
| char socket ();
| int
| main ()
| {
| return socket ();
|   ;
|   return 0;
| }
configure:6416: result: no
configure:6423: checking for main in -lwrap
configure:6452: gcc -o conftest -g -O2   conftest.c -lwrap   >&5
/usr/bin/ld: cannot find -lwrap
collect2: ld returned 1 exit status
configure:6459: $? = 1
configure: failed program was:
| /* confdefs.h.  */
| #define PACKAGE_NAME ""
| #define PACKAGE_TARNAME ""
| #define PACKAGE_VERSION ""
| #define PACKAGE_STRING ""
| #define PACKAGE_BUGREPORT ""
| #define DEFAULT_NAGIOS_USER nagios
| #define DEFAULT_NAGIOS_GROUP nagios
| #define STDC_HEADERS 1
| #define TIME_WITH_SYS_TIME 1
| #define HAVE_SYS_WAIT_H 1
| #define HAVE_SYS_TYPES_H 1
| #define HAVE_SYS_STAT_H 1
| #define HAVE_STDLIB_H 1
| #define HAVE_STRING_H 1
| #define HAVE_MEMORY_H 1
| #define HAVE_STRINGS_H 1
| #define HAVE_INTTYPES_H 1
| #define HAVE_STDINT_H 1
| #define HAVE_UNISTD_H 1
| #define HAVE_ARPA_INET_H 1
| #define HAVE_CTYPE_H 1
| #define HAVE_DIRENT_H 1
| #define HAVE_DLFCN_H 1
| #define HAVE_ERRNO_H 1
| #define HAVE_FCNTL_H 1
| #define HAVE_FLOAT_H 1
| #define HAVE_GETOPT_H 1
| #define HAVE_GRP_H 1
| #define HAVE_INTTYPES_H 1
| #define HAVE_LIMITS_H 1
| #define HAVE_LTDL_H 1
| #define HAVE_MATH_H 1
| #define HAVE_NETDB_H 1
| #define HAVE_NETINET_IN_H 1
| #define HAVE_PTHREAD_H 1
| #define HAVE_PWD_H 1
| #define HAVE_REGEX_H 1
| #define HAVE_SIGNAL_H 1
| #define HAVE_STDARG_H 1
| #define HAVE_STDINT_H 1
| #define HAVE_STRING_H 1
| #define HAVE_STRINGS_H 1
| #define HAVE_SYS_IPC_H 1
| #define HAVE_SYS_MMAN_H 1
| #define HAVE_SYS_MSG_H 1
| #define HAVE_SYS_POLL_H 1
| #define HAVE_SYS_RESOURCE_H 1
| #define HAVE_SYS_SENDFILE_H 1
| #define HAVE_SYS_SOCKET_H 1
| #define HAVE_SYS_STAT_H 1
| #define HAVE_SYS_TIME_H 1
| #define HAVE_SYS_TIMEB_H 1
| #define HAVE_SYS_TYPES_H 1
| #define HAVE_SYS_UN_H 1
| #define HAVE_SYS_WAIT_H 1
| #define HAVE_SYSLOG_H 1
| #define HAVE_UNISTD_H 1
| #define HAVE_VALUES_H 1
| #define RETSIGTYPE void
| #define GETGROUPS_T gid_t
| #define SIZEOF_INT 4
| #define SIZEOF_SHORT 2
| #define SIZEOF_LONG 8
| #define HAVE_GETOPT_LONG 1
| /* end confdefs.h.  */
| 
| 
| int
| main ()
| {
| return main ();
|   ;
|   return 0;
| }
configure:6480: result: no
configure:6501: checking for strdup
configure:6557: gcc -o conftest -g -O2   conftest.c  >&5
conftest.c:90:6: warning: conflicting types for built-in function 'strdup' [enabled by default]
configure:6564: $? = 0
configure:6586: result: yes
configure:6501: checking for strstr
configure:6557: gcc -o conftest -g -O2   conftest.c  >&5
conftest.c:91:6: warning: conflicting types for built-in function 'strstr' [enabled by default]
configure:6564: $? = 0
configure:6586: result: yes
configure:6501: checking for strtoul
configure:6557: gcc -o conftest -g -O2   conftest.c  >&5
configure:6564: $? = 0
configure:6586: result: yes
configure:6501: checking for initgroups
configure:6557: gcc -o conftest -g -O2   conftest.c  >&5
configure:6564: $? = 0
configure:6586: result: yes
configure:6501: checking for strtof
configure:6557: gcc -o conftest -g -O2   conftest.c  >&5
configure:6564: $? = 0
configure:6586: result: yes
configure:6599: checking for type of socket size
configure:6625: gcc -c -g -O2  conftest.c >&5
conftest.c: In function 'main':
conftest.c:79:1: warning: passing argument 3 of 'send' makes integer from pointer without a cast [enabled by default]
/usr/include/x86_64-linux-gnu/sys/socket.h:141:16: note: expected 'size_t' but argument is of type 'size_t *'
conftest.c:79:1: warning: passing argument 4 of 'send' makes integer from pointer without a cast [enabled by default]
/usr/include/x86_64-linux-gnu/sys/socket.h:141:16: note: expected 'int' but argument is of type 'int *'
configure:6632: $? = 0
configure:6640: result: size_t
configure:6679: gcc -o conftest -g -O2   conftest.c  >&5
configure:6686: $? = 0
configure:6730: checking for linker flags for loadable modules
configure:6760: result: -shared
configure:6793: checking for mysql_config
configure:6811: found /usr/bin/mysql_config
configure:6823: result: /usr/bin/mysql_config
configure:6850: checking for mysql_init in -lmysqlclient
configure:6885: gcc -o conftest -g -O2  -I/usr/include/mysql  conftest.c -lmysqlclient -L/usr/lib/x86_64-linux-gnu -lmysqlclient -lpthread -lz -lm -lrt -ldl  >&5
configure:6892: $? = 0
configure:6913: result: yes
configure:7217: creating ./config.status

## ---------------------- ##
## Running config.status. ##
## ---------------------- ##

This file was extended by config.status, which was
generated by GNU Autoconf 2.63.  Invocation command line was

  CONFIG_FILES    = 
  CONFIG_HEADERS  = 
  CONFIG_LINKS    = 
  CONFIG_COMMANDS = 
  $ ./config.status 

on roy-laptop

config.status:812: creating Makefile
config.status:812: creating src/Makefile
config.status:812: creating docs/docbook/en-en/Makefile
config.status:812: creating subst
config.status:812: creating include/config.h
configure:8371: result: *** Configuration summary for ndoutils 1.5.2 06-08-2012 ***:
configure:8378: result:  NDO2DB user:    nagios
configure:8380: result:  NDO2DB group:   nagios

## ---------------- ##
## Cache variables. ##
## ---------------- ##

ac_cv_build=x86_64-unknown-linux-gnu
ac_cv_c_compiler_gnu=yes
ac_cv_c_const=yes
ac_cv_env_CC_set=
ac_cv_env_CC_value=
ac_cv_env_CFLAGS_set=
ac_cv_env_CFLAGS_value=
ac_cv_env_CPPFLAGS_set=
ac_cv_env_CPPFLAGS_value=
ac_cv_env_CPP_set=
ac_cv_env_CPP_value=
ac_cv_env_LDFLAGS_set=
ac_cv_env_LDFLAGS_value=
ac_cv_env_LIBS_set=
ac_cv_env_LIBS_value=
ac_cv_env_build_alias_set=
ac_cv_env_build_alias_value=
ac_cv_env_host_alias_set=
ac_cv_env_host_alias_value=
ac_cv_env_target_alias_set=
ac_cv_env_target_alias_value=
ac_cv_func_getopt_long=yes
ac_cv_func_initgroups=yes
ac_cv_func_strdup=yes
ac_cv_func_strstr=yes
ac_cv_func_strtof=yes
ac_cv_func_strtoul=yes
ac_cv_header_arpa_inet_h=yes
ac_cv_header_ctype_h=yes
ac_cv_header_dirent_h=yes
ac_cv_header_dlfcn_h=yes
ac_cv_header_errno_h=yes
ac_cv_header_fcntl_h=yes
ac_cv_header_float_h=yes
ac_cv_header_getopt_h=yes
ac_cv_header_grp_h=yes
ac_cv_header_inttypes_h=yes
ac_cv_header_limits_h=yes
ac_cv_header_ltdl_h=yes
ac_cv_header_math_h=yes
ac_cv_header_memory_h=yes
ac_cv_header_netdb_h=yes
ac_cv_header_netinet_in_h=yes
ac_cv_header_pthread_h=yes
ac_cv_header_pwd_h=yes
ac_cv_header_regex_h=yes
ac_cv_header_signal_h=yes
ac_cv_header_socket_h=no
ac_cv_header_stdarg_h=yes
ac_cv_header_stdc=yes
ac_cv_header_stdint_h=yes
ac_cv_header_stdlib_h=yes
ac_cv_header_string_h=yes
ac_cv_header_strings_h=yes
ac_cv_header_sys_ipc_h=yes
ac_cv_header_sys_mman_h=yes
ac_cv_header_sys_msg_h=yes
ac_cv_header_sys_poll_h=yes
ac_cv_header_sys_resource_h=yes
ac_cv_header_sys_sendfile_h=yes
ac_cv_header_sys_socket_h=yes
ac_cv_header_sys_stat_h=yes
ac_cv_header_sys_time_h=yes
ac_cv_header_sys_timeb_h=yes
ac_cv_header_sys_types_h=yes
ac_cv_header_sys_un_h=yes
ac_cv_header_sys_wait_h=yes
ac_cv_header_syslog_h=yes
ac_cv_header_tcpd_h=no
ac_cv_header_time=yes
ac_cv_header_unistd_h=yes
ac_cv_header_values_h=yes
ac_cv_host=x86_64-unknown-linux-gnu
ac_cv_lib_mysqlclient_mysql_init=yes
ac_cv_lib_nsl_main=yes
ac_cv_lib_socket_socket=no
ac_cv_lib_wrap_main=no
ac_cv_objext=o
ac_cv_path_EGREP='/bin/grep -E'
ac_cv_path_GREP=/bin/grep
ac_cv_path_PERL=/usr/bin/perl
ac_cv_path_install='/usr/bin/install -c'
ac_cv_path_np_mysql_config=/usr/bin/mysql_config
ac_cv_prog_CPP='gcc -E'
ac_cv_prog_ac_ct_CC=gcc
ac_cv_prog_cc_c89=
ac_cv_prog_cc_g=yes
ac_cv_prog_make_make_set=yes
ac_cv_sizeof_int=4
ac_cv_sizeof_long=8
ac_cv_sizeof_short=2
ac_cv_struct_tm=time.h
ac_cv_type_getgroups=gid_t
ac_cv_type_int32_t=yes
ac_cv_type_mode_t=yes
ac_cv_type_pid_t=yes
ac_cv_type_signal=void
ac_cv_type_size_t=yes
ac_cv_type_u_int32_t=yes
ac_cv_type_uid_t=yes
ac_cv_type_uint32_t=yes

## ----------------- ##
## Output variables. ##
## ----------------- ##

CC='gcc'
CFLAGS='-g -O2 -I/usr/include/mysql'
CPP='gcc -E'
CPPFLAGS=''
DBCFLAGS=''
DBLDFLAGS=''
DBLIBS=' -L/usr/lib/x86_64-linux-gnu -lmysqlclient -lpthread -lz -lm -lrt -ldl'
DEFS='-DHAVE_CONFIG_H'
ECHO_C=''
ECHO_N='-n'
ECHO_T=''
EGREP='/bin/grep -E'
EXEEXT=''
GREP='/bin/grep'
HAVE_SSL=''
INSTALL='/usr/bin/install -c'
INSTALL_DATA='${INSTALL} -m 644'
INSTALL_OPTS='-o nagios -g nagios'
INSTALL_PROGRAM='${INSTALL}'
INSTALL_SCRIPT='${INSTALL}'
LDFLAGS=''
LIBOBJS=''
LIBS=''
LIBWRAPLIBS=''
LTLIBOBJS=''
MOD_CFLAGS='-fPIC'
MOD_LDFLAGS='-shared'
OBJEXT='o'
OTHERLIBS=''
PACKAGE_BUGREPORT=''
PACKAGE_NAME=''
PACKAGE_STRING=''
PACKAGE_TARNAME=''
PACKAGE_VERSION=''
PATH_SEPARATOR=':'
PERL='/usr/bin/perl'
SET_MAKE=''
SHELL='/bin/bash'
SOCKETLIBS=' -lnsl'
ac_ct_CC='gcc'
bindir='${exec_prefix}/bin'
build='x86_64-unknown-linux-gnu'
build_alias=''
build_cpu='x86_64'
build_os='linux-gnu'
build_vendor='unknown'
datadir='${datarootdir}'
datarootdir='${prefix}/share'
docdir='${datarootdir}/doc/${PACKAGE}'
dvidir='${docdir}'
exec_prefix='${prefix}'
host='x86_64-unknown-linux-gnu'
host_alias=''
host_cpu='x86_64'
host_os='linux-gnu'
host_vendor='unknown'
htmldir='${docdir}'
includedir='${prefix}/include'
infodir='${datarootdir}/info'
init_dir='/etc/init.d'
libdir='${exec_prefix}/lib'
libexecdir='${exec_prefix}/libexec'
localedir='${datarootdir}/locale'
localstatedir='${prefix}/var'
mandir='${datarootdir}/man'
ndo2db_group='nagios'
ndo2db_user='nagios'
np_mysql_config='/usr/bin/mysql_config'
oldincludedir='/usr/include'
pdfdir='${docdir}'
prefix='/usr/local/nagios'
program_transform_name='s,x,x,'
psdir='${docdir}'
sbindir='${exec_prefix}/sbin'
sharedstatedir='${prefix}/com'
sysconfdir='${prefix}/etc'
target_alias=''

## ----------- ##
## confdefs.h. ##
## ----------- ##

#define PACKAGE_NAME ""
#define PACKAGE_TARNAME ""
#define PACKAGE_VERSION ""
#define PACKAGE_STRING ""
#define PACKAGE_BUGREPORT ""
#define DEFAULT_NAGIOS_USER nagios
#define DEFAULT_NAGIOS_GROUP nagios
#define STDC_HEADERS 1
#define TIME_WITH_SYS_TIME 1
#define HAVE_SYS_WAIT_H 1
#define HAVE_SYS_TYPES_H 1
#define HAVE_SYS_STAT_H 1
#define HAVE_STDLIB_H 1
#define HAVE_STRING_H 1
#define HAVE_MEMORY_H 1
#define HAVE_STRINGS_H 1
#define HAVE_INTTYPES_H 1
#define HAVE_STDINT_H 1
#define HAVE_UNISTD_H 1
#define HAVE_ARPA_INET_H 1
#define HAVE_CTYPE_H 1
#define HAVE_DIRENT_H 1
#define HAVE_DLFCN_H 1
#define HAVE_ERRNO_H 1
#define HAVE_FCNTL_H 1
#define HAVE_FLOAT_H 1
#define HAVE_GETOPT_H 1
#define HAVE_GRP_H 1
#define HAVE_INTTYPES_H 1
#define HAVE_LIMITS_H 1
#define HAVE_LTDL_H 1
#define HAVE_MATH_H 1
#define HAVE_NETDB_H 1
#define HAVE_NETINET_IN_H 1
#define HAVE_PTHREAD_H 1
#define HAVE_PWD_H 1
#define HAVE_REGEX_H 1
#define HAVE_SIGNAL_H 1
#define HAVE_STDARG_H 1
#define HAVE_STDINT_H 1
#define HAVE_STRING_H 1
#define HAVE_STRINGS_H 1
#define HAVE_SYS_IPC_H 1
#define HAVE_SYS_MMAN_H 1
#define HAVE_SYS_MSG_H 1
#define HAVE_SYS_POLL_H 1
#define HAVE_SYS_RESOURCE_H 1
#define HAVE_SYS_SENDFILE_H 1
#define HAVE_SYS_SOCKET_H 1
#define HAVE_SYS_STAT_H 1
#define HAVE_SYS_TIME_H 1
#define HAVE_SYS_TIMEB_H 1
#define HAVE_SYS_TYPES_H 1
#define HAVE_SYS_UN_H 1
#define HAVE_SYS_WAIT_H 1
#define HAVE_SYSLOG_H 1
#define HAVE_UNISTD_H 1
#define HAVE_VALUES_H 1
#define RETSIGTYPE void
#define GETGROUPS_T gid_t
#define SIZEOF_INT 4
#define SIZEOF_SHORT 2
#define SIZEOF_LONG 8
#define HAVE_GETOPT_LONG 1
#define HAVE_STRDUP 1
#define HAVE_STRSTR 1
#define HAVE_STRTOUL 1
#define HAVE_INITGROUPS 1
#define HAVE_STRTOF 1
#define SOCKET_SIZE_TYPE size_t
#define HAVE_SUN_LEN 1
#define HAVE_MYSQLCLIENT 1
#define USE_MYSQL 1
#define USE_NANOSLEEP 1

configure: exit 0
